[
  {
    "Legajo": 1,
    "Correo": "cgorgen@vendedor.com",
    "Clave": "123abc45",
    "Perfil": "vendedor",
    "FechaAcceso": "2023-05-16T00:00:00-03:00",
    "FechaSalida": "2023-05-16T19:13:21.1675144-03:00",
    "Apellido": "Gorgen",
    "Nombre": "Corey"
  },
  {
    "Legajo": 1,
    "Correo": "cgorgen@vendedor.com",
    "Clave": "123abc45",
    "Perfil": "vendedor",
    "FechaAcceso": "2023-05-16T00:00:00-03:00",
    "FechaSalida": "2023-05-16T19:15:36.1034133-03:00",
    "Apellido": "Gorgen",
    "Nombre": "Corey"
  },
  {
    "Legajo": 4,
    "Correo": "trobinson@super.com",
    "Clave": "12345678",
    "Perfil": "supervisor",
    "FechaAcceso": "0001-01-01T00:00:00",
    "FechaSalida": "2023-05-16T19:19:04.8658148-03:00",
    "Apellido": "Robinson",
    "Nombre": "Tilda"
  },
  {
    "Legajo": 1,
    "Correo": "cgorgen@vendedor.com",
    "Clave": "123abc45",
    "Perfil": "vendedor",
    "FechaAcceso": "2023-05-17T00:00:00-03:00",
    "FechaSalida": "2023-05-17T03:16:43.374078-03:00",
    "Apellido": "Gorgen",
    "Nombre": "Corey"
  },
  {
    "Legajo": 2,
    "Correo": "iharroll@vendedor.com",
    "Clave": "qweasdzx",
    "Perfil": "vendedor",
    "FechaAcceso": "2023-05-17T00:00:00-03:00",
    "FechaSalida": "2023-05-17T03:18:21.7480938-03:00",
    "Apellido": "Harroll",
    "Nombre": "Ingrid"
  },
  {
    "Legajo": 1,
    "Correo": "cgorgen@vendedor.com",
    "Clave": "123abc45",
    "Perfil": "vendedor",
    "FechaAcceso": "2023-05-17T00:00:00-03:00",
    "FechaSalida": "2023-05-17T03:20:27.9996226-03:00",
    "Apellido": "Gorgen",
    "Nombre": "Corey"
  },
  {
    "Legajo": 1,
    "Correo": "cgorgen@vendedor.com",
    "Clave": "123abc45",
    "Perfil": "vendedor",
    "FechaAcceso": "2023-05-17T00:00:00-03:00",
    "FechaSalida": "2023-05-17T03:21:35.5592891-03:00",
    "Apellido": "Gorgen",
    "Nombre": "Corey"
  },
  {
    "Legajo": 1,
    "Correo": "cgorgen@vendedor.com",
    "Clave": "123abc45",
    "Perfil": "vendedor",
    "FechaAcceso": "2023-05-17T00:00:00-03:00",
    "FechaSalida": "2023-05-17T03:32:02.7021878-03:00",
    "Apellido": "Gorgen",
    "Nombre": "Corey"
  },
  {
    "Legajo": 1,
    "Correo": "cgorgen@vendedor.com",
    "Clave": "123abc45",
    "Perfil": "vendedor",
    "FechaAcceso": "2023-05-17T00:00:00-03:00",
    "FechaSalida": "2023-05-17T03:33:24.5458842-03:00",
    "Apellido": "Gorgen",
    "Nombre": "Corey"
  },
  {
    "Legajo": 1,
    "Correo": "cgorgen@vendedor.com",
    "Clave": "123abc45",
    "Perfil": "vendedor",
    "FechaAcceso": "2023-05-17T00:00:00-03:00",
    "FechaSalida": "2023-05-17T03:34:03.739144-03:00",
    "Apellido": "Gorgen",
    "Nombre": "Corey"
  },
  {
    "Legajo": 1,
    "Correo": "cgorgen@vendedor.com",
    "Clave": "123abc45",
    "Perfil": "vendedor",
    "FechaAcceso": "2023-05-17T00:00:00-03:00",
    "FechaSalida": "2023-05-17T03:36:01.1693858-03:00",
    "Apellido": "Gorgen",
    "Nombre": "Corey"
  },
  {
    "Legajo": 1,
    "Correo": "cgorgen@vendedor.com",
    "Clave": "123abc45",
    "Perfil": "vendedor",
    "FechaAcceso": "2023-05-17T00:00:00-03:00",
    "FechaSalida": "2023-05-17T03:37:13.5678958-03:00",
    "Apellido": "Gorgen",
    "Nombre": "Corey"
  },
  {
    "Legajo": 1,
    "Correo": "cgorgen@vendedor.com",
    "Clave": "123abc45",
    "Perfil": "vendedor",
    "FechaAcceso": "2023-05-17T00:00:00-03:00",
    "FechaSalida": "2023-05-17T03:37:52.2067386-03:00",
    "Apellido": "Gorgen",
    "Nombre": "Corey"
  },
  {
    "Legajo": 1,
    "Correo": "cgorgen@vendedor.com",
    "Clave": "123abc45",
    "Perfil": "vendedor",
    "FechaAcceso": "2023-05-17T00:00:00-03:00",
    "FechaSalida": "2023-05-17T03:39:47.6850789-03:00",
    "Apellido": "Gorgen",
    "Nombre": "Corey"
  },
  {
    "Legajo": 1,
    "Correo": "cgorgen@vendedor.com",
    "Clave": "123abc45",
    "Perfil": "vendedor",
    "FechaAcceso": "2023-05-17T00:00:00-03:00",
    "FechaSalida": "2023-05-17T03:39:47.6850789-03:00",
    "Apellido": "Gorgen",
    "Nombre": "Corey"
  },
  {
    "Legajo": 1,
    "Correo": "cgorgen@vendedor.com",
    "Clave": "123abc45",
    "Perfil": "vendedor",
    "FechaAcceso": "2023-05-17T00:00:00-03:00",
    "FechaSalida": "2023-05-17T03:41:06.3955965-03:00",
    "Apellido": "Gorgen",
    "Nombre": "Corey"
  },
  {
    "Legajo": 1,
    "Correo": "cgorgen@vendedor.com",
    "Clave": "123abc45",
    "Perfil": "vendedor",
    "FechaAcceso": "2023-05-17T00:00:00-03:00",
    "FechaSalida": "2023-05-17T03:44:07.0454033-03:00",
    "Apellido": "Gorgen",
    "Nombre": "Corey"
  },
  {
    "Legajo": 1,
    "Correo": "cgorgen@vendedor.com",
    "Clave": "123abc45",
    "Perfil": "vendedor",
    "FechaAcceso": "2023-05-17T00:00:00-03:00",
    "FechaSalida": "2023-05-17T03:45:31.9197233-03:00",
    "Apellido": "Gorgen",
    "Nombre": "Corey"
  },
  {
    "Legajo": 1,
    "Correo": "cgorgen@vendedor.com",
    "Clave": "123abc45",
    "Perfil": "vendedor",
    "FechaAcceso": "2023-05-17T00:00:00-03:00",
    "FechaSalida": "2023-05-17T03:48:32.6223071-03:00",
    "Apellido": "Gorgen",
    "Nombre": "Corey"
  },
  {
    "Legajo": 1,
    "Correo": "cgorgen@vendedor.com",
    "Clave": "123abc45",
    "Perfil": "vendedor",
    "FechaAcceso": "2023-05-17T00:00:00-03:00",
    "FechaSalida": "2023-05-17T03:50:29.1444934-03:00",
    "Apellido": "Gorgen",
    "Nombre": "Corey"
  },
  {
    "Legajo": 1,
    "Correo": "cgorgen@vendedor.com",
    "Clave": "123abc45",
    "Perfil": "vendedor",
    "FechaAcceso": "2023-05-17T00:00:00-03:00",
    "FechaSalida": "2023-05-17T03:51:45.6707754-03:00",
    "Apellido": "Gorgen",
    "Nombre": "Corey"
  },
  {
    "Legajo": 1,
    "Correo": "cgorgen@vendedor.com",
    "Clave": "123abc45",
    "Perfil": "vendedor",
    "FechaAcceso": "2023-05-17T00:00:00-03:00",
    "FechaSalida": "2023-05-17T03:54:58.1799791-03:00",
    "Apellido": "Gorgen",
    "Nombre": "Corey"
  },
  {
    "Legajo": 1,
    "Correo": "cgorgen@vendedor.com",
    "Clave": "123abc45",
    "Perfil": "vendedor",
    "FechaAcceso": "2023-05-17T00:00:00-03:00",
    "FechaSalida": "2023-05-17T03:54:58.1799791-03:00",
    "Apellido": "Gorgen",
    "Nombre": "Corey"
  },
  {
    "Legajo": 1,
    "Correo": "cgorgen@vendedor.com",
    "Clave": "123abc45",
    "Perfil": "vendedor",
    "FechaAcceso": "2023-05-17T00:00:00-03:00",
    "FechaSalida": "2023-05-17T03:56:00.65105-03:00",
    "Apellido": "Gorgen",
    "Nombre": "Corey"
  },
  {
    "Legajo": 1,
    "Correo": "cgorgen@vendedor.com",
    "Clave": "123abc45",
    "Perfil": "vendedor",
    "FechaAcceso": "2023-05-17T00:00:00-03:00",
    "FechaSalida": "2023-05-17T04:05:04.4129154-03:00",
    "Apellido": "Gorgen",
    "Nombre": "Corey"
  },
  {
    "Legajo": 3,
    "Correo": "sharris@maiden.com.uk",
    "Clave": "eddie666",
    "Perfil": "vendedor",
    "FechaAcceso": "2023-05-17T00:00:00-03:00",
    "FechaSalida": "2023-05-17T04:05:11.8510049-03:00",
    "Apellido": "Harris",
    "Nombre": "Steve"
  },
  {
    "Legajo": 4,
    "Correo": "trobinson@super.com",
    "Clave": "12345678",
    "Perfil": "supervisor",
    "FechaAcceso": "0001-01-01T00:00:00",
    "FechaSalida": "2023-05-17T04:05:28.2732873-03:00",
    "Apellido": "Robinson",
    "Nombre": "Tilda"
  }
]